#
# A fatal error has been detected by the Java Runtime Environment:
#
#  SIGSEGV (0xb) at pc=0x000000010d897d7c, pid=15376, tid=17155
#
# JRE version: Java(TM) SE Runtime Environment (8.0_73-b02) (build 1.8.0_73-b02)
# Java VM: Java HotSpot(TM) 64-Bit Server VM (25.73-b02 mixed mode bsd-amd64 compressed oops)
# Problematic frame:
# V  [libjvm.dylib+0x446d7c]  Method::checked_resolve_jmethod_id(_jmethodID*)+0xe
#
# Failed to write core dump. Core dumps have been disabled. To enable core dumping, try "ulimit -c unlimited" before starting Java again
#
# If you would like to submit a bug report, please visit:
#   http://bugreport.java.com/bugreport/crash.jsp
#

---------------  T H R E A D  ---------------

Current thread (0x00007facc004d000):  JavaThread "JDWP Transport Listener: dt_socket" daemon [_thread_in_vm, id=17155, stack(0x000070000b8f5000,0x000070000b9f5000)]

siginfo: si_signo: 11 (SIGSEGV), si_code: 0 (unknown), si_addr: 0x0000000000000000

Registers:
RAX=0x0000000000000001, RBX=0x000070000b9f4a8b, RCX=0x000000010dc66340, RDX=0x000070000b9f4a8b
RSP=0x000070000b9f49d0, RBP=0x000070000b9f49e0, RSI=0x00007facc004d000, RDI=0x7300657275740004
R8 =0x0000000000000000, R9 =0x00007facbf41ca20, R10=0x0000000000000001, R11=0x0000000000000001
R12=0x00007facc004d000, R13=0x7300657275740004, R14=0x7300657275740004, R15=0x00007facbf501180
RIP=0x000000010d897d7c, EFLAGS=0x0000000000010202, ERR=0x0000000000000000
  TRAPNO=0x000000000000000d

Top of Stack: (sp=0x000070000b9f49d0)
0x000070000b9f49d0:   000070000b9f4a8b 000070000b9f4a8b
0x000070000b9f49e0:   000070000b9f4a40 000000010d7a6dda
0x000070000b9f49f0:   00007facc004d000 0000000000000000
0x000070000b9f4a00:   0000000000000000 0000000000000000
0x000070000b9f4a10:   00007facc004d000 00007facc004d000
0x000070000b9f4a20:   000070000b9f4a8b 000070000b9f4a90
0x000070000b9f4a30:   7300657275740004 0000000000000002
0x000070000b9f4a40:   000070000b9f4a60 000000010e4fb780
0x000070000b9f4a50:   0000000000000001 000070000b9f4b08
0x000070000b9f4a60:   000070000b9f4ad0 000000010e4e01f3
0x000070000b9f4a70:   000070000b9f4aa0 00007facbf41fbd0
0x000070000b9f4a80:   0000000300000032 0000000a009f4b08
0x000070000b9f4a90:   0000000000000000 0000000000000000
0x000070000b9f4aa0:   0000000000000000 000070000b9f4c90
0x000070000b9f4ab0:   000000010e502e7a 00007facbf41d5a0
0x000070000b9f4ac0:   000070000b9f4b08 000000010e50e598
0x000070000b9f4ad0:   000070000b9f4ae0 000000010e4e02ec
0x000070000b9f4ae0:   000070000b9f4d00 000000010e4e9898
0x000070000b9f4af0:   00005b5000000013 00000000000f0200
0x000070000b9f4b00:   00007facbf41ca50 000070000b9f4bc2
0x000070000b9f4b10:   00007fac000000c2 000070000b9f4b20
0x000070000b9f4b20:   00007fac0000006a 000070000b9f4b58
0x000070000b9f4b30:   0000000000000000 0000000000000000
0x000070000b9f4b40:   00005b5000000030 0000000000000080
0x000070000b9f4b50:   000070000b9f4b58 ac7f000003000000
0x000070000b9f4b60:   0400000048a941bf 160000006e69616d
0x000070000b9f4b70:   2f6176616a4c5b28 7274532f676e616c
0x000070000b9f4b80:   000056293b676e69 0000090000000000
0x000070000b9f4b90:   000050d372bfac7f 6c746e6972700700
0x000070000b9f4ba0:   6a4c28150000006e 676e616c2f617661
0x000070000b9f4bb0:   3b676e697274532f 0000000000005629
0x000070000b9f4bc0:   0069010000000a00 0000000049010000 

Instructions: (pc=0x000000010d897d7c)
0x000000010d897d5c:   40 48 48 85 c0 75 e0 30 c0 0f b6 c0 5d c3 31 c0
0x000000010d897d6c:   5d c3 55 48 89 e5 53 48 83 ec 08 48 85 ff 74 24
0x000000010d897d7c:   48 8b 1f 48 85 db 74 1c 48 83 fb 37 74 16 48 8b
0x000000010d897d8c:   03 48 89 df ff 50 10 84 c0 b8 00 00 00 00 48 0f 

Register to memory mapping:

RAX=0x0000000000000001 is an unknown value
RBX=0x000070000b9f4a8b is pointing into the stack for thread: 0x00007facc004d000
RCX=0x000000010dc66340: UseMembar+0 in /Library/Java/JavaVirtualMachines/jdk1.8.0_73.jdk/Contents/Home/jre/lib/server/libjvm.dylib at 0x000000010d451000
RDX=0x000070000b9f4a8b is pointing into the stack for thread: 0x00007facc004d000
RSP=0x000070000b9f49d0 is pointing into the stack for thread: 0x00007facc004d000
RBP=0x000070000b9f49e0 is pointing into the stack for thread: 0x00007facc004d000
RSI=0x00007facc004d000 is a thread
RDI=0x7300657275740004 is an unknown value
R8 =0x0000000000000000 is an unknown value
R9 =0x00007facbf41ca20 is an unknown value
R10=0x0000000000000001 is an unknown value
R11=0x0000000000000001 is an unknown value
R12=0x00007facc004d000 is a thread
R13=0x7300657275740004 is an unknown value
R14=0x7300657275740004 is an unknown value
R15=0x00007facbf501180 is an unknown value


Stack: [0x000070000b8f5000,0x000070000b9f5000],  sp=0x000070000b9f49d0,  free space=1022k
Native frames: (J=compiled Java code, j=interpreted, Vv=VM code, C=native code)
V  [libjvm.dylib+0x446d7c]  Method::checked_resolve_jmethod_id(_jmethodID*)+0xe
V  [libjvm.dylib+0x355dda]  jvmti_IsMethodSynthetic+0xb2
C  [libjdwp.dylib+0x20780]  isMethodSynthetic+0x63
C  [libjdwp.dylib+0x51f3]  methods1+0x10b
C  [libjdwp.dylib+0x52ec]  methodsWithGeneric+0xe
C  [libjdwp.dylib+0xe898]  debugLoop_run+0x1ce
C  [libjdwp.dylib+0x1f6ba]  attachThread+0x4d
V  [libjvm.dylib+0x397138]  JvmtiAgentThread::call_start_function()+0x38
V  [libjvm.dylib+0x561753]  JavaThread::thread_main_inner()+0x9b
V  [libjvm.dylib+0x562e4e]  JavaThread::run()+0x1c2
V  [libjvm.dylib+0x4838a2]  java_start(Thread*)+0xf6
C  [libsystem_pthread.dylib+0x39af]  _pthread_body+0xb4
C  [libsystem_pthread.dylib+0x38fb]  _pthread_body+0x0
C  [libsystem_pthread.dylib+0x3101]  thread_start+0xd
C  0x0000000000000000


---------------  P R O C E S S  ---------------

Java Threads: ( => current thread )
  0x00007facc102a800 JavaThread "Service Thread" daemon [_thread_blocked, id=20227, stack(0x000070000bf07000,0x000070000c007000)]
  0x00007facc004e000 JavaThread "C1 CompilerThread2" daemon [_thread_blocked, id=19715, stack(0x000070000be04000,0x000070000bf04000)]
  0x00007facc1030000 JavaThread "C2 CompilerThread1" daemon [_thread_blocked, id=19203, stack(0x000070000bd01000,0x000070000be01000)]
  0x00007facbf851800 JavaThread "C2 CompilerThread0" daemon [_thread_blocked, id=18691, stack(0x000070000bbfe000,0x000070000bcfe000)]
  0x00007facc1035000 JavaThread "JDWP Command Reader" daemon [_thread_in_native, id=18179, stack(0x000070000bafb000,0x000070000bbfb000)]
  0x00007facc1028000 JavaThread "JDWP Event Helper Thread" daemon [_thread_blocked, id=17667, stack(0x000070000b9f8000,0x000070000baf8000)]
=>0x00007facc004d000 JavaThread "JDWP Transport Listener: dt_socket" daemon [_thread_in_vm, id=17155, stack(0x000070000b8f5000,0x000070000b9f5000)]
  0x00007facc004c800 JavaThread "Signal Dispatcher" daemon [_thread_blocked, id=16643, stack(0x000070000b7f2000,0x000070000b8f2000)]
  0x00007facc0810800 JavaThread "Finalizer" daemon [_thread_blocked, id=12547, stack(0x000070000b66c000,0x000070000b76c000)]
  0x00007facc100c800 JavaThread "Reference Handler" daemon [_thread_blocked, id=12035, stack(0x000070000b569000,0x000070000b669000)]
  0x00007facc0805000 JavaThread "main" [_thread_blocked, id=3587, stack(0x000070000adce000,0x000070000aece000)]

Other Threads:
  0x00007facc100a000 VMThread [stack: 0x000070000b466000,0x000070000b566000] [id=11523]
  0x00007facc102b800 WatcherThread [stack: 0x000070000c00a000,0x000070000c10a000] [id=20739]

VM state:not at safepoint (normal execution)

VM Mutex/Monitor currently owned by a thread: None

Heap:
 PSYoungGen      total 38400K, used 3328K [0x0000000795580000, 0x0000000798000000, 0x00000007c0000000)
  eden space 33280K, 10% used [0x0000000795580000,0x00000007958c0108,0x0000000797600000)
  from space 5120K, 0% used [0x0000000797b00000,0x0000000797b00000,0x0000000798000000)
  to   space 5120K, 0% used [0x0000000797600000,0x0000000797600000,0x0000000797b00000)
 ParOldGen       total 87552K, used 0K [0x0000000740000000, 0x0000000745580000, 0x0000000795580000)
  object space 87552K, 0% used [0x0000000740000000,0x0000000740000000,0x0000000745580000)
 Metaspace       used 2870K, capacity 4664K, committed 4864K, reserved 1056768K
  class space    used 315K, capacity 424K, committed 512K, reserved 1048576K

Card table byte_map: [0x000000010f1c0000,0x000000010f5c1000] byte_map_base: 0x000000010b7c0000

Marking Bits: (ParMarkBitMap*) 0x000000010dd34ea0
 Begin Bits: [0x000000010f86c000, 0x000000011186c000)
 End Bits:   [0x000000011186c000, 0x000000011386c000)

Polling page: 0x000000010e4da000

CodeCache: size=245760Kb used=1201Kb max_used=1201Kb free=244558Kb
 bounds [0x000000011c000000, 0x000000011c270000, 0x000000012b000000]
 total_blobs=295 nmethods=72 adapters=145
 compilation: enabled

Compilation events (10 events):
Event: 0.313 Thread 0x00007facc004e000   67       3       java.util.zip.ZipCoder::getBytes (192 bytes)
Event: 0.315 Thread 0x00007facc004e000 nmethod 67 0x000000011c127450 code [0x000000011c127820, 0x000000011c129ab8]
Event: 0.315 Thread 0x00007facc004e000   68       3       java.util.zip.ZipCoder::encoder (35 bytes)
Event: 0.316 Thread 0x00007facc004e000 nmethod 68 0x000000011c12aed0 code [0x000000011c12b080, 0x000000011c12b708]
Event: 0.316 Thread 0x00007facc004e000   69       3       java.nio.charset.CharsetEncoder::reset (11 bytes)
Event: 0.316 Thread 0x00007facc004e000 nmethod 69 0x000000011c12b8d0 code [0x000000011c12ba40, 0x000000011c12bc70]
Event: 0.316 Thread 0x00007facc004e000   70       3       java.nio.charset.CharsetEncoder::implReset (1 bytes)
Event: 0.316 Thread 0x00007facc004e000 nmethod 70 0x000000011c12bd10 code [0x000000011c12be60, 0x000000011c12bfb0]
Event: 0.316 Thread 0x00007facc004e000   72       3       java.lang.String::substring (79 bytes)
Event: 0.317 Thread 0x00007facc004e000 nmethod 72 0x000000011c12c010 code [0x000000011c12c1e0, 0x000000011c12c6d8]

GC Heap History (0 events):
No events

Deoptimization events (0 events):
No events

Internal exceptions (2 events):
Event: 0.095 Thread 0x00007facc0805000 Exception <a 'java/lang/NoSuchMethodError': Method sun.misc.Unsafe.defineClass(Ljava/lang/String;[BII)Ljava/lang/Class; name or signature does not match> (0x0000000795592b10) thrown at [/HUDSON3/workspace/8-2-build-macosx-x86_64/jdk8u73/6086/hotspot/src/s
Event: 0.095 Thread 0x00007facc0805000 Exception <a 'java/lang/NoSuchMethodError': Method sun.misc.Unsafe.prefetchRead(Ljava/lang/Object;J)V name or signature does not match> (0x0000000795592df8) thrown at [/HUDSON3/workspace/8-2-build-macosx-x86_64/jdk8u73/6086/hotspot/src/share/vm/prims/jni.

Events (10 events):
Event: 76314.491 Executing VM operation: ChangeBreakpoints
Event: 76314.491 Executing VM operation: ChangeBreakpoints done
Event: 76314.493 Executing VM operation: ChangeBreakpoints
Event: 76314.493 Executing VM operation: ChangeBreakpoints done
Event: 76314.496 Executing VM operation: ChangeBreakpoints
Event: 76314.496 Executing VM operation: ChangeBreakpoints done
Event: 76316.488 Executing VM operation: ChangeBreakpoints
Event: 76316.488 Executing VM operation: ChangeBreakpoints done
Event: 76333.802 Executing VM operation: RedefineClasses
Event: 76333.806 Executing VM operation: RedefineClasses done


Dynamic libraries:
0x000000001a27f000 	/System/Library/Frameworks/Cocoa.framework/Versions/A/Cocoa
0x000000001a27f000 	/System/Library/Frameworks/Security.framework/Versions/A/Security
0x000000001a27f000 	/System/Library/Frameworks/ApplicationServices.framework/Versions/A/ApplicationServices
0x000000001a27f000 	/usr/lib/libz.1.dylib
0x000000001a27f000 	/usr/lib/libSystem.B.dylib
0x000000001a27f000 	/usr/lib/libobjc.A.dylib
0x000000001a27f000 	/System/Library/Frameworks/CoreFoundation.framework/Versions/A/CoreFoundation
0x000000001a27f000 	/System/Library/Frameworks/Foundation.framework/Versions/C/Foundation
0x000000001a27f000 	/System/Library/Frameworks/AppKit.framework/Versions/C/AppKit
0x000000001a27f000 	/System/Library/Frameworks/CoreData.framework/Versions/A/CoreData
0x000000001a27f000 	/System/Library/PrivateFrameworks/RemoteViewServices.framework/Versions/A/RemoteViewServices
0x000000001a27f000 	/System/Library/PrivateFrameworks/UIFoundation.framework/Versions/A/UIFoundation
0x000000001a27f000 	/System/Library/PrivateFrameworks/DFRFoundation.framework/Versions/A/DFRFoundation
0x000000001a27f000 	/usr/lib/libenergytrace.dylib
0x000000001a27f000 	/System/Library/PrivateFrameworks/SkyLight.framework/Versions/A/SkyLight
0x000000001a27f000 	/System/Library/Frameworks/CoreGraphics.framework/Versions/A/CoreGraphics
0x000000001a27f000 	/usr/lib/libScreenReader.dylib
0x000000001a27f000 	/System/Library/Frameworks/Accelerate.framework/Versions/A/Accelerate
0x000000001a27f000 	/System/Library/Frameworks/IOSurface.framework/Versions/A/IOSurface
0x000000001a27f000 	/System/Library/Frameworks/AudioToolbox.framework/Versions/A/AudioToolbox
0x000000001a27f000 	/System/Library/Frameworks/AudioUnit.framework/Versions/A/AudioUnit
0x000000001a27f000 	/System/Library/PrivateFrameworks/DataDetectorsCore.framework/Versions/A/DataDetectorsCore
0x000000001a27f000 	/System/Library/PrivateFrameworks/DesktopServicesPriv.framework/Versions/A/DesktopServicesPriv
0x000000001a27f000 	/System/Library/Frameworks/Carbon.framework/Versions/A/Frameworks/HIToolbox.framework/Versions/A/HIToolbox
0x000000001a27f000 	/usr/lib/libicucore.A.dylib
0x000000001a27f000 	/System/Library/Frameworks/QuartzCore.framework/Versions/A/QuartzCore
0x000000001a27f000 	/System/Library/Frameworks/Carbon.framework/Versions/A/Frameworks/SpeechRecognition.framework/Versions/A/SpeechRecognition
0x000000001a27f000 	/usr/lib/libauto.dylib
0x000000001a27f000 	/usr/lib/libxml2.2.dylib
0x000000001a27f000 	/System/Library/PrivateFrameworks/CoreUI.framework/Versions/A/CoreUI
0x000000001a27f000 	/System/Library/Frameworks/CoreAudio.framework/Versions/A/CoreAudio
0x000000001a27f000 	/System/Library/Frameworks/DiskArbitration.framework/Versions/A/DiskArbitration
0x000000001a27f000 	/usr/lib/liblangid.dylib
0x000000001a27f000 	/System/Library/PrivateFrameworks/MultitouchSupport.framework/Versions/A/MultitouchSupport
0x000000001a27f000 	/System/Library/Frameworks/IOKit.framework/Versions/A/IOKit
0x000000001a27f000 	/usr/lib/libDiagnosticMessagesClient.dylib
0x000000001a27f000 	/System/Library/Frameworks/CoreServices.framework/Versions/A/CoreServices
0x000000001a27f000 	/System/Library/PrivateFrameworks/PerformanceAnalysis.framework/Versions/A/PerformanceAnalysis
0x000000001a27f000 	/System/Library/PrivateFrameworks/GenerationalStorage.framework/Versions/A/GenerationalStorage
0x000000001a27f000 	/System/Library/Frameworks/OpenGL.framework/Versions/A/OpenGL
0x000000001a27f000 	/System/Library/Frameworks/CoreImage.framework/Versions/A/CoreImage
0x000000001a27f000 	/System/Library/Frameworks/CoreText.framework/Versions/A/CoreText
0x000000001a27f000 	/System/Library/Frameworks/ImageIO.framework/Versions/A/ImageIO
0x000000001a27f000 	/System/Library/PrivateFrameworks/Backup.framework/Versions/A/Backup
0x000000001a27f000 	/usr/lib/libarchive.2.dylib
0x000000001a27f000 	/System/Library/Frameworks/CFNetwork.framework/Versions/A/CFNetwork
0x000000001a27f000 	/System/Library/Frameworks/SystemConfiguration.framework/Versions/A/SystemConfiguration
0x000000001a27f000 	/usr/lib/libCRFSuite.dylib
0x000000001a27f000 	/usr/lib/libc++.1.dylib
0x000000001a27f000 	/usr/lib/libc++abi.dylib
0x000000001a27f000 	/usr/lib/system/libcache.dylib
0x000000001a27f000 	/usr/lib/system/libcommonCrypto.dylib
0x000000001a27f000 	/usr/lib/system/libcompiler_rt.dylib
0x000000001a27f000 	/usr/lib/system/libcopyfile.dylib
0x000000001a27f000 	/usr/lib/system/libcorecrypto.dylib
0x000000001a27f000 	/usr/lib/system/libdispatch.dylib
0x000000001a27f000 	/usr/lib/system/libdyld.dylib
0x000000001a27f000 	/usr/lib/system/libkeymgr.dylib
0x000000001a27f000 	/usr/lib/system/liblaunch.dylib
0x000000001a27f000 	/usr/lib/system/libmacho.dylib
0x000000001a27f000 	/usr/lib/system/libquarantine.dylib
0x000000001a27f000 	/usr/lib/system/libremovefile.dylib
0x000000001a27f000 	/usr/lib/system/libsystem_asl.dylib
0x000000001a27f000 	/usr/lib/system/libsystem_blocks.dylib
0x000000001a27f000 	/usr/lib/system/libsystem_c.dylib
0x000000001a27f000 	/usr/lib/system/libsystem_configuration.dylib
0x000000001a27f000 	/usr/lib/system/libsystem_coreservices.dylib
0x000000001a27f000 	/usr/lib/system/libsystem_coretls.dylib
0x000000001a27f000 	/usr/lib/system/libsystem_dnssd.dylib
0x000000001a27f000 	/usr/lib/system/libsystem_info.dylib
0x000000001a27f000 	/usr/lib/system/libsystem_kernel.dylib
0x000000001a27f000 	/usr/lib/system/libsystem_m.dylib
0x000000001a27f000 	/usr/lib/system/libsystem_malloc.dylib
0x000000001a27f000 	/usr/lib/system/libsystem_network.dylib
0x000000001a27f000 	/usr/lib/system/libsystem_networkextension.dylib
0x000000001a27f000 	/usr/lib/system/libsystem_notify.dylib
0x000000001a27f000 	/usr/lib/system/libsystem_platform.dylib
0x000000001a27f000 	/usr/lib/system/libsystem_pthread.dylib
0x000000001a27f000 	/usr/lib/system/libsystem_sandbox.dylib
0x000000001a27f000 	/usr/lib/system/libsystem_secinit.dylib
0x000000001a27f000 	/usr/lib/system/libsystem_symptoms.dylib
0x000000001a27f000 	/usr/lib/system/libsystem_trace.dylib
0x000000001a27f000 	/usr/lib/system/libunwind.dylib
0x000000001a27f000 	/usr/lib/system/libxpc.dylib
0x000000001a27f000 	/usr/lib/libbsm.0.dylib
0x000000001a27f000 	/usr/lib/system/libkxld.dylib
0x000000001a27f000 	/usr/lib/libcoretls.dylib
0x000000001a27f000 	/usr/lib/libcoretls_cfhelpers.dylib
0x000000001a27f000 	/usr/lib/libOpenScriptingUtil.dylib
0x000000001a27f000 	/usr/lib/libpam.2.dylib
0x000000001a27f000 	/usr/lib/libsqlite3.dylib
0x000000001a27f000 	/usr/lib/libxar.1.dylib
0x000000001a27f000 	/usr/lib/libbz2.1.0.dylib
0x000000001a27f000 	/usr/lib/liblzma.5.dylib
0x000000001a27f000 	/usr/lib/libnetwork.dylib
0x000000001a27f000 	/usr/lib/libpcap.A.dylib
0x000000001a27f000 	/System/Library/Frameworks/CoreServices.framework/Versions/A/Frameworks/FSEvents.framework/Versions/A/FSEvents
0x000000001a27f000 	/System/Library/Frameworks/CoreServices.framework/Versions/A/Frameworks/CarbonCore.framework/Versions/A/CarbonCore
0x000000001a27f000 	/System/Library/Frameworks/CoreServices.framework/Versions/A/Frameworks/Metadata.framework/Versions/A/Metadata
0x000000001a27f000 	/System/Library/Frameworks/CoreServices.framework/Versions/A/Frameworks/OSServices.framework/Versions/A/OSServices
0x000000001a27f000 	/System/Library/Frameworks/CoreServices.framework/Versions/A/Frameworks/SearchKit.framework/Versions/A/SearchKit
0x000000001a27f000 	/System/Library/Frameworks/CoreServices.framework/Versions/A/Frameworks/AE.framework/Versions/A/AE
0x000000001a27f000 	/System/Library/Frameworks/CoreServices.framework/Versions/A/Frameworks/LaunchServices.framework/Versions/A/LaunchServices
0x000000001a27f000 	/System/Library/Frameworks/CoreServices.framework/Versions/A/Frameworks/DictionaryServices.framework/Versions/A/DictionaryServices
0x000000001a27f000 	/System/Library/Frameworks/CoreServices.framework/Versions/A/Frameworks/SharedFileList.framework/Versions/A/SharedFileList
0x000000001a27f000 	/System/Library/Frameworks/NetFS.framework/Versions/A/NetFS
0x000000001a27f000 	/System/Library/PrivateFrameworks/NetAuth.framework/Versions/A/NetAuth
0x000000001a27f000 	/System/Library/PrivateFrameworks/login.framework/Versions/A/Frameworks/loginsupport.framework/Versions/A/loginsupport
0x000000001a27f000 	/System/Library/PrivateFrameworks/TCC.framework/Versions/A/TCC
0x000000001a27f000 	/usr/lib/libmecabra.dylib
0x000000001a27f000 	/System/Library/Frameworks/ApplicationServices.framework/Versions/A/Frameworks/ATS.framework/Versions/A/ATS
0x000000001a27f000 	/System/Library/Frameworks/ApplicationServices.framework/Versions/A/Frameworks/ColorSync.framework/Versions/A/ColorSync
0x000000001a27f000 	/System/Library/Frameworks/ApplicationServices.framework/Versions/A/Frameworks/HIServices.framework/Versions/A/HIServices
0x000000001a27f000 	/System/Library/Frameworks/ApplicationServices.framework/Versions/A/Frameworks/LangAnalysis.framework/Versions/A/LangAnalysis
0x000000001a27f000 	/System/Library/Frameworks/ApplicationServices.framework/Versions/A/Frameworks/PrintCore.framework/Versions/A/PrintCore
0x000000001a27f000 	/System/Library/Frameworks/ApplicationServices.framework/Versions/A/Frameworks/QD.framework/Versions/A/QD
0x000000001a27f000 	/System/Library/Frameworks/ApplicationServices.framework/Versions/A/Frameworks/SpeechSynthesis.framework/Versions/A/SpeechSynthesis
0x000000001a27f000 	/System/Library/Frameworks/Accelerate.framework/Versions/A/Frameworks/vImage.framework/Versions/A/vImage
0x000000001a27f000 	/System/Library/Frameworks/Accelerate.framework/Versions/A/Frameworks/vecLib.framework/Versions/A/vecLib
0x000000001a27f000 	/System/Library/Frameworks/Accelerate.framework/Versions/A/Frameworks/vecLib.framework/Versions/A/libvDSP.dylib
0x000000001a27f000 	/System/Library/Frameworks/Accelerate.framework/Versions/A/Frameworks/vecLib.framework/Versions/A/libBNNS.dylib
0x000000001a27f000 	/System/Library/Frameworks/Accelerate.framework/Versions/A/Frameworks/vecLib.framework/Versions/A/libQuadrature.dylib
0x000000001a27f000 	/System/Library/Frameworks/Accelerate.framework/Versions/A/Frameworks/vecLib.framework/Versions/A/libvMisc.dylib
0x000000001a27f000 	/System/Library/Frameworks/Accelerate.framework/Versions/A/Frameworks/vecLib.framework/Versions/A/libLAPACK.dylib
0x000000001a27f000 	/System/Library/Frameworks/Accelerate.framework/Versions/A/Frameworks/vecLib.framework/Versions/A/libBLAS.dylib
0x000000001a27f000 	/System/Library/Frameworks/Accelerate.framework/Versions/A/Frameworks/vecLib.framework/Versions/A/libLinearAlgebra.dylib
0x000000001a27f000 	/System/Library/Frameworks/Accelerate.framework/Versions/A/Frameworks/vecLib.framework/Versions/A/libSparseBLAS.dylib
0x000000001a27f000 	/System/Library/Frameworks/ApplicationServices.framework/Versions/A/Frameworks/ATS.framework/Versions/A/Resources/libFontParser.dylib
0x000000001a27f000 	/System/Library/Frameworks/ApplicationServices.framework/Versions/A/Frameworks/ATS.framework/Versions/A/Resources/libFontRegistry.dylib
0x000000001a27f000 	/System/Library/Frameworks/ImageIO.framework/Versions/A/Resources/libJPEG.dylib
0x000000001a27f000 	/System/Library/Frameworks/ImageIO.framework/Versions/A/Resources/libTIFF.dylib
0x000000001a27f000 	/System/Library/Frameworks/ImageIO.framework/Versions/A/Resources/libPng.dylib
0x000000001a27f000 	/System/Library/Frameworks/ImageIO.framework/Versions/A/Resources/libGIF.dylib
0x000000001a27f000 	/System/Library/Frameworks/ImageIO.framework/Versions/A/Resources/libJP2.dylib
0x000000001a27f000 	/System/Library/Frameworks/ImageIO.framework/Versions/A/Resources/libRadiance.dylib
0x000000001a27f000 	/usr/lib/libcompression.dylib
0x000000001a27f000 	/System/Library/PrivateFrameworks/AppleJPEG.framework/Versions/A/AppleJPEG
0x000000001a27f000 	/usr/lib/libcups.2.dylib
0x000000001a27f000 	/System/Library/Frameworks/Kerberos.framework/Versions/A/Kerberos
0x000000001a27f000 	/System/Library/Frameworks/GSS.framework/Versions/A/GSS
0x000000001a27f000 	/usr/lib/libresolv.9.dylib
0x000000001a27f000 	/usr/lib/libiconv.2.dylib
0x000000001a27f000 	/System/Library/PrivateFrameworks/Heimdal.framework/Versions/A/Heimdal
0x000000001a27f000 	/usr/lib/libheimdal-asn1.dylib
0x000000001a27f000 	/System/Library/Frameworks/OpenDirectory.framework/Versions/A/OpenDirectory
0x000000001a27f000 	/System/Library/PrivateFrameworks/CommonAuth.framework/Versions/A/CommonAuth
0x000000001a27f000 	/System/Library/Frameworks/OpenDirectory.framework/Versions/A/Frameworks/CFOpenDirectory.framework/Versions/A/CFOpenDirectory
0x000000001a27f000 	/System/Library/Frameworks/SecurityFoundation.framework/Versions/A/SecurityFoundation
0x000000001a27f000 	/System/Library/PrivateFrameworks/LanguageModeling.framework/Versions/A/LanguageModeling
0x000000001a27f000 	/usr/lib/libmarisa.dylib
0x000000001a27f000 	/usr/lib/libChineseTokenizer.dylib
0x000000001a27f000 	/usr/lib/libcmph.dylib
0x000000001a27f000 	/System/Library/PrivateFrameworks/CoreEmoji.framework/Versions/A/CoreEmoji
0x000000001a27f000 	/System/Library/Frameworks/ServiceManagement.framework/Versions/A/ServiceManagement
0x000000001a27f000 	/usr/lib/libxslt.1.dylib
0x000000001a27f000 	/System/Library/Frameworks/Carbon.framework/Versions/A/Frameworks/Ink.framework/Versions/A/Ink
0x000000001a27f000 	/System/Library/PrivateFrameworks/TextureIO.framework/Versions/A/TextureIO
0x000000001a27f000 	/System/Library/Frameworks/Metal.framework/Versions/A/Metal
0x000000001a27f000 	/usr/lib/libate.dylib
0x000000001a27f000 	/System/Library/PrivateFrameworks/GPUCompiler.framework/libmetal_timestamp.dylib
0x000000001a27f000 	/System/Library/Frameworks/OpenGL.framework/Versions/A/Libraries/libCoreFSCache.dylib
0x000000001a27f000 	/System/Library/PrivateFrameworks/IOAccelerator.framework/Versions/A/IOAccelerator
0x000000001a27f000 	/System/Library/Frameworks/CoreVideo.framework/Versions/A/CoreVideo
0x000000001a27f000 	/usr/lib/libFosl_dynamic.dylib
0x000000001a27f000 	/System/Library/PrivateFrameworks/MetalPerformanceShaders.framework/Versions/A/MetalPerformanceShaders
0x000000001a27f000 	/System/Library/PrivateFrameworks/FaceCore.framework/Versions/A/FaceCore
0x000000001a27f000 	/System/Library/Frameworks/OpenCL.framework/Versions/A/OpenCL
0x000000001a27f000 	/System/Library/Frameworks/OpenGL.framework/Versions/A/Libraries/libGLU.dylib
0x000000001a27f000 	/System/Library/Frameworks/OpenGL.framework/Versions/A/Libraries/libGFXShared.dylib
0x000000001a27f000 	/System/Library/Frameworks/OpenGL.framework/Versions/A/Libraries/libGL.dylib
0x000000001a27f000 	/System/Library/Frameworks/OpenGL.framework/Versions/A/Libraries/libGLImage.dylib
0x000000001a27f000 	/System/Library/Frameworks/OpenGL.framework/Versions/A/Libraries/libCVMSPluginSupport.dylib
0x000000001a27f000 	/System/Library/Frameworks/OpenGL.framework/Versions/A/Libraries/libCoreVMClient.dylib
0x000000001a27f000 	/System/Library/PrivateFrameworks/CrashReporterSupport.framework/Versions/A/CrashReporterSupport
0x000000001a27f000 	/System/Library/PrivateFrameworks/Sharing.framework/Versions/A/Sharing
0x000000001a27f000 	/System/Library/PrivateFrameworks/IconServices.framework/Versions/A/IconServices
0x000000001a27f000 	/System/Library/PrivateFrameworks/ProtocolBuffer.framework/Versions/A/ProtocolBuffer
0x000000001a27f000 	/System/Library/PrivateFrameworks/Apple80211.framework/Versions/A/Apple80211
0x000000001a27f000 	/System/Library/Frameworks/CoreWLAN.framework/Versions/A/CoreWLAN
0x000000001a27f000 	/System/Library/PrivateFrameworks/CoreUtils.framework/Versions/A/CoreUtils
0x000000001a27f000 	/System/Library/Frameworks/IOBluetooth.framework/Versions/A/IOBluetooth
0x000000001a27f000 	/System/Library/PrivateFrameworks/CoreWiFi.framework/Versions/A/CoreWiFi
0x000000001a27f000 	/System/Library/Frameworks/CoreBluetooth.framework/Versions/A/CoreBluetooth
0x000000001a27f000 	/System/Library/Frameworks/CoreDisplay.framework/Versions/A/CoreDisplay
0x000000001a27f000 	/System/Library/PrivateFrameworks/IOPresentment.framework/Versions/A/IOPresentment
0x000000001a27f000 	/System/Library/PrivateFrameworks/DSExternalDisplay.framework/Versions/A/DSExternalDisplay
0x000000001a27f000 	/System/Library/PrivateFrameworks/DebugSymbols.framework/Versions/A/DebugSymbols
0x000000001a27f000 	/System/Library/PrivateFrameworks/CoreSymbolication.framework/Versions/A/CoreSymbolication
0x000000001a27f000 	/System/Library/PrivateFrameworks/Symbolication.framework/Versions/A/Symbolication
0x000000001a27f000 	/System/Library/PrivateFrameworks/AppleFSCompression.framework/Versions/A/AppleFSCompression
0x000000001a27f000 	/System/Library/PrivateFrameworks/SpeechRecognitionCore.framework/Versions/A/SpeechRecognitionCore
0x000000001a27f000 	/System/Library/PrivateFrameworks/ChunkingLibrary.framework/Versions/A/ChunkingLibrary
0x000000010d40d000 	/System/Library/CoreServices/Encodings/libSimplifiedChineseConverter.dylib
0x000000010d451000 	/Library/Java/JavaVirtualMachines/jdk1.8.0_73.jdk/Contents/Home/jre/lib/server/libjvm.dylib
0x000000010e3de000 	/usr/lib/libstdc++.6.dylib
0x000000010e497000 	/Library/Java/JavaVirtualMachines/jdk1.8.0_73.jdk/Contents/Home/jre/lib/libverify.dylib
0x000000010e4a5000 	/Library/Java/JavaVirtualMachines/jdk1.8.0_73.jdk/Contents/Home/jre/lib/libjava.dylib
0x000000010e4db000 	/Library/Java/JavaVirtualMachines/jdk1.8.0_73.jdk/Contents/Home/jre/lib/libjdwp.dylib
0x000000010e526000 	/Library/Java/JavaVirtualMachines/jdk1.8.0_73.jdk/Contents/Home/jre/lib/libnpt.dylib
0x000000010e533000 	/Library/Java/JavaVirtualMachines/jdk1.8.0_73.jdk/Contents/Home/jre/lib/libzip.dylib
0x00000001156b7000 	/System/Library/Frameworks/JavaVM.framework/Frameworks/JavaRuntimeSupport.framework/JavaRuntimeSupport
0x000000010e5e8000 	/System/Library/Frameworks/JavaVM.framework/Versions/A/Frameworks/JavaNativeFoundation.framework/Versions/A/JavaNativeFoundation
0x00000001156d1000 	/System/Library/Frameworks/JavaVM.framework/Versions/A/JavaVM
0x000000001a27f000 	/System/Library/Frameworks/Carbon.framework/Versions/A/Carbon
0x00000001156de000 	/System/Library/PrivateFrameworks/JavaLaunching.framework/Versions/A/JavaLaunching
0x000000001a27f000 	/System/Library/Frameworks/Carbon.framework/Versions/A/Frameworks/CommonPanels.framework/Versions/A/CommonPanels
0x000000001a27f000 	/System/Library/Frameworks/Carbon.framework/Versions/A/Frameworks/Help.framework/Versions/A/Help
0x000000001a27f000 	/System/Library/Frameworks/Carbon.framework/Versions/A/Frameworks/ImageCapture.framework/Versions/A/ImageCapture
0x000000001a27f000 	/System/Library/Frameworks/Carbon.framework/Versions/A/Frameworks/OpenScripting.framework/Versions/A/OpenScripting
0x000000001a27f000 	/System/Library/Frameworks/Carbon.framework/Versions/A/Frameworks/Print.framework/Versions/A/Print
0x000000001a27f000 	/System/Library/Frameworks/Carbon.framework/Versions/A/Frameworks/SecurityHI.framework/Versions/A/SecurityHI
0x0000000116feb000 	/Library/Java/JavaVirtualMachines/jdk1.8.0_73.jdk/Contents/Home/jre/lib/libdt_socket.dylib

VM Arguments:
jvm_args: -agentlib:jdwp=transport=dt_socket,address=127.0.0.1:62826,suspend=y,server=n -Dfile.encoding=UTF-8 
java_command: com.obo.ClassStructure
java_class_path (initial): /Library/Java/JavaVirtualMachines/jdk1.8.0_73.jdk/Contents/Home/jre/lib/charsets.jar:/Library/Java/JavaVirtualMachines/jdk1.8.0_73.jdk/Contents/Home/jre/lib/deploy.jar:/Library/Java/JavaVirtualMachines/jdk1.8.0_73.jdk/Contents/Home/jre/lib/ext/cldrdata.jar:/Library/Java/JavaVirtualMachines/jdk1.8.0_73.jdk/Contents/Home/jre/lib/ext/dnsns.jar:/Library/Java/JavaVirtualMachines/jdk1.8.0_73.jdk/Contents/Home/jre/lib/ext/jaccess.jar:/Library/Java/JavaVirtualMachines/jdk1.8.0_73.jdk/Contents/Home/jre/lib/ext/jfxrt.jar:/Library/Java/JavaVirtualMachines/jdk1.8.0_73.jdk/Contents/Home/jre/lib/ext/localedata.jar:/Library/Java/JavaVirtualMachines/jdk1.8.0_73.jdk/Contents/Home/jre/lib/ext/nashorn.jar:/Library/Java/JavaVirtualMachines/jdk1.8.0_73.jdk/Contents/Home/jre/lib/ext/sunec.jar:/Library/Java/JavaVirtualMachines/jdk1.8.0_73.jdk/Contents/Home/jre/lib/ext/sunjce_provider.jar:/Library/Java/JavaVirtualMachines/jdk1.8.0_73.jdk/Contents/Home/jre/lib/ext/sunpkcs11.jar:/Library/Java/JavaVirtualMachines/jdk1.8.0_73.jdk/Contents/Home/jre/lib/ext/zipfs.jar:/Library/Java/JavaVirtualMachines/jdk1.8.0_73.jdk/Contents/Home/jre/lib/javaws.jar:/Library/Java/JavaVirtualMachines/jdk1.8.0_73.jdk/Contents/Home/jre/lib/jce.jar:/Library/Java/JavaVirtualMachines/jdk1.8.0_73.jdk/Contents/Home/jre/lib/jfr.jar:/Library/Java/JavaVirtualMachines/jdk1.8.0_73.jdk/Contents/Home/jre/lib/jfxswt.jar:/Library/Java/JavaVirtualMachines/jdk1.8.0_73.jdk/Contents/Home/jre/lib/jsse.jar:/Library/Java/JavaVirtualMachines/jdk1.8.0_73.jdk/Contents/Home/jre/lib/management-agent.jar:/Library/Java/JavaVirtualMachines/jdk1.8.0_73.jdk/Contents/Home/jre/lib/plugin.jar:/Library/Java/JavaVirtualMachines/jdk1.8.0_73.jdk/Contents/Home/jre/lib/resources.jar:/Library/Java/JavaVirtualMachines/jdk1.8.0_73.jdk/Contents/Home/jre/lib/rt.jar:/Library/Java/JavaVirtualMachines/jdk1.8.0_73.jdk/Contents/Home/lib/ant-javafx.jar:/Library/Java/JavaVirtualMachines/jdk1.8.0_73.jdk/Contents/Home/lib/dt.jar:/Library/Ja
Launcher Type: SUN_STANDARD

Environment Variables:
JAVA_HOME=/Library/Java/JavaVirtualMachines/jdk1.8.0_73.jdk/Contents/Home
PATH=/opt/local/bin:/opt/local/sbin:/Applications/Cocos/Cocos2d-x/cocos2d-x-3.10/templates:/Applications/Cocos/Cocos2d-x:/Applications/Cocos/Cocos2d-x/cocos2d-x-3.10/tools/cocos2d-console/bin:/usr/local/bin:/usr/bin:/bin:/usr/sbin:/sbin:/opt/X11/bin:/usr/local/go/bin:/Users/obo/Desktop/Workspace/android/SDK/android-sdk-macosx/platform-tools:/sw/bin:/Users/obo/Desktop/Workspace/Gradle/gradle-2.10/bin:/Users/obo/Desktop/Workspace/android/反编译/dex2jar/dex2jar-0.0.9.15:/Users/obo/Desktop/Workspace/android/反编译/jd-gui-osx-1.4.0:/Users/obo/Desktop/Workspace/android/SDK/android-sdk-macosx/tools:/usr/local/nginx/sbin:/Users/obo/Desktop/Workspace/android/SDK/android-sdk-macosx/build-tools/23.0.3:/Users/obo/Desktop/Workspace/android/反编译/apktool-1.5.2:/Users/obo/bin/:/Users/obo/Desktop/Workspace/C/ARM_GCC/ARMx-2009q3-67/bin:/Users/obo/Desktop/Workspace/android/NDK/android-ndk-r9d:/Users/obo/Desktop/Workspace/SHELL/workspace/tools
SHELL=/bin/bash
DISPLAY=/private/tmp/com.apple.launchd.gqB0m4ZY09/org.macosforge.xquartz:0

Signal Handlers:
SIGSEGV: [libjvm.dylib+0x5a71a5], sa_mask[0]=11111111011111110111111111111111, sa_flags=SA_ONSTACK|SA_RESTART|SA_SIGINFO
SIGBUS: [libjvm.dylib+0x5a71a5], sa_mask[0]=11111111011111110111111111111111, sa_flags=SA_RESTART|SA_SIGINFO
SIGFPE: [libjvm.dylib+0x480eb4], sa_mask[0]=11111111011111110111111111111111, sa_flags=SA_RESTART|SA_SIGINFO
SIGPIPE: [libjvm.dylib+0x480eb4], sa_mask[0]=11111111011111110111111111111111, sa_flags=SA_RESTART|SA_SIGINFO
SIGXFSZ: [libjvm.dylib+0x480eb4], sa_mask[0]=11111111011111110111111111111111, sa_flags=SA_RESTART|SA_SIGINFO
SIGILL: [libjvm.dylib+0x480eb4], sa_mask[0]=11111111011111110111111111111111, sa_flags=SA_RESTART|SA_SIGINFO
SIGUSR1: SIG_DFL, sa_mask[0]=00000000000000000000000000000000, sa_flags=none
SIGUSR2: [libjvm.dylib+0x4809d2], sa_mask[0]=00100000000000000000000000000000, sa_flags=SA_RESTART|SA_SIGINFO
SIGHUP: [libjvm.dylib+0x47efa9], sa_mask[0]=11111111011111110111111111111111, sa_flags=SA_RESTART|SA_SIGINFO
SIGINT: [libjvm.dylib+0x47efa9], sa_mask[0]=11111111011111110111111111111111, sa_flags=SA_RESTART|SA_SIGINFO
SIGTERM: [libjvm.dylib+0x47efa9], sa_mask[0]=11111111011111110111111111111111, sa_flags=SA_RESTART|SA_SIGINFO
SIGQUIT: [libjvm.dylib+0x47efa9], sa_mask[0]=11111111011111110111111111111111, sa_flags=SA_RESTART|SA_SIGINFO


---------------  S Y S T E M  ---------------

OS:Bsduname:Darwin 16.5.0 Darwin Kernel Version 16.5.0: Fri Mar  3 16:52:33 PST 2017; root:xnu-3789.51.2~3/RELEASE_X86_64 x86_64
rlimit: STACK 8192k, CORE 0k, NPROC 709, NOFILE 10240, AS infinity
load average:1.76 2.01 1.88

CPU:total 4 (2 cores per cpu, 2 threads per core) family 6 model 61 stepping 4, cmov, cx8, fxsr, mmx, sse, sse2, sse3, ssse3, sse4.1, sse4.2, popcnt, avx, avx2, aes, clmul, erms, 3dnowpref, lzcnt, ht, tsc, tscinvbit, bmi1, bmi2, adx

Memory: 4k page, physical 8388608k(182004k free)

/proc/meminfo:


vm_info: Java HotSpot(TM) 64-Bit Server VM (25.73-b02) for bsd-amd64 JRE (1.8.0_73-b02), built on Jan 29 2016 15:02:00 by "java_re" with gcc 4.2.1 (Based on Apple Inc. build 5658) (LLVM build 2336.11.00)

time: Sun May 21 15:13:36 2017
elapsed time: 76333 seconds (0d 21h 12m 13s)

